0 info it worked if it ends with ok
<<<<<<< HEAD
1 verbose cli [ '/usr/local/bin/node', '/usr/local/bin/npm', 'start' ]
2 info using npm@3.10.10
3 info using node@v6.11.0
=======
1 verbose cli [ 'C:\\Developer\\Nodejs\\node.exe',
1 verbose cli   'C:\\Developer\\Nodejs\\node_modules\\npm\\bin\\npm-cli.js',
1 verbose cli   'start' ]
2 info using npm@3.10.10
3 info using node@v6.9.4
>>>>>>> 945ce1cd246730eb3db7f8a53853cb04dbe2c208
4 verbose run-script [ 'prestart', 'start', 'poststart' ]
5 info lifecycle allstart@1.0.0~prestart: allstart@1.0.0
6 silly lifecycle allstart@1.0.0~prestart: no script for prestart, continuing
7 info lifecycle allstart@1.0.0~start: allstart@1.0.0
8 verbose lifecycle allstart@1.0.0~start: unsafe-perm in lifecycle true
<<<<<<< HEAD
9 verbose lifecycle allstart@1.0.0~start: PATH: /usr/local/lib/node_modules/npm/bin/node-gyp-bin:/Users/haksukim/Desktop/workspace/Wikiword/node_modules/.bin:/Library/Frameworks/Python.framework/Versions/3.5/bin:/usr/local/bin:/usr/bin:/bin:/usr/sbin:/sbin
10 verbose lifecycle allstart@1.0.0~start: CWD: /Users/haksukim/Desktop/workspace/Wikiword
11 silly lifecycle allstart@1.0.0~start: Args: [ '-c', 'node ./common/start.js' ]
12 silly lifecycle allstart@1.0.0~start: Returned: code: 1  signal: null
13 info lifecycle allstart@1.0.0~start: Failed to exec start script
14 verbose stack Error: allstart@1.0.0 start: `node ./common/start.js`
14 verbose stack Exit status 1
14 verbose stack     at EventEmitter.<anonymous> (/usr/local/lib/node_modules/npm/lib/utils/lifecycle.js:255:16)
14 verbose stack     at emitTwo (events.js:106:13)
14 verbose stack     at EventEmitter.emit (events.js:191:7)
14 verbose stack     at ChildProcess.<anonymous> (/usr/local/lib/node_modules/npm/lib/utils/spawn.js:40:14)
14 verbose stack     at emitTwo (events.js:106:13)
14 verbose stack     at ChildProcess.emit (events.js:191:7)
14 verbose stack     at maybeClose (internal/child_process.js:891:16)
14 verbose stack     at Process.ChildProcess._handle.onexit (internal/child_process.js:226:5)
15 verbose pkgid allstart@1.0.0
16 verbose cwd /Users/haksukim/Desktop/workspace/Wikiword
17 error Darwin 16.1.0
18 error argv "/usr/local/bin/node" "/usr/local/bin/npm" "start"
19 error node v6.11.0
20 error npm  v3.10.10
21 error code ELIFECYCLE
22 error allstart@1.0.0 start: `node ./common/start.js`
22 error Exit status 1
=======
9 verbose lifecycle allstart@1.0.0~start: PATH: C:\Developer\Nodejs\node_modules\npm\bin\node-gyp-bin;C:\WorkSpace\Wikiword\node_modules\.bin;C:\Developer\tools\ConEmu\ConEmu\Scripts;C:\Developer\tools\ConEmu;C:\Developer\tools\ConEmu\ConEmu;C:\Developer\OracleDB\app\oracle\product\11.2.0\server\bin;C:\Developer\OracleDB\app\oracle\product\11.2.0\server\bin;C:\WINDOWS\system32;C:\WINDOWS;C:\WINDOWS\System32\Wbem;C:\WINDOWS\System32\WindowsPowerShell\v1.0\;C:\Developer\JDK\bin;C:\Developer\OracleDB\app\oracle\product\11.2.0\server\bin;C:\Developer\Git\bin;C:\Developer\Nodejs\;C:\Developer\MySQL\mysql\bin;C:\Developer\Ruby\Ruby23-x64\bin;C:\Users\yty35\AppData\Local\Microsoft\WindowsApps;C:\Program Files\Bandizip\7z;C:\Users\yty35\AppData\Roaming\npm;C:\Users\yty35\AppData\Local\atom\bin
10 verbose lifecycle allstart@1.0.0~start: CWD: C:\WorkSpace\Wikiword
11 silly lifecycle allstart@1.0.0~start: Args: [ '/d /s /c', 'node ./common/start.js' ]
12 silly lifecycle allstart@1.0.0~start: Returned: code: 3221225495  signal: null
13 info lifecycle allstart@1.0.0~start: Failed to exec start script
14 verbose stack Error: allstart@1.0.0 start: `node ./common/start.js`
14 verbose stack Exit status 3221225495
14 verbose stack     at EventEmitter.<anonymous> (C:\Developer\Nodejs\node_modules\npm\lib\utils\lifecycle.js:255:16)
14 verbose stack     at emitTwo (events.js:106:13)
14 verbose stack     at EventEmitter.emit (events.js:191:7)
14 verbose stack     at ChildProcess.<anonymous> (C:\Developer\Nodejs\node_modules\npm\lib\utils\spawn.js:40:14)
14 verbose stack     at emitTwo (events.js:106:13)
14 verbose stack     at ChildProcess.emit (events.js:191:7)
14 verbose stack     at maybeClose (internal/child_process.js:877:16)
14 verbose stack     at Process.ChildProcess._handle.onexit (internal/child_process.js:226:5)
15 verbose pkgid allstart@1.0.0
16 verbose cwd C:\WorkSpace\Wikiword
17 error Windows_NT 10.0.14393
18 error argv "C:\\Developer\\Nodejs\\node.exe" "C:\\Developer\\Nodejs\\node_modules\\npm\\bin\\npm-cli.js" "start"
19 error node v6.9.4
20 error npm  v3.10.10
21 error code ELIFECYCLE
22 error allstart@1.0.0 start: `node ./common/start.js`
22 error Exit status 3221225495
>>>>>>> 945ce1cd246730eb3db7f8a53853cb04dbe2c208
23 error Failed at the allstart@1.0.0 start script 'node ./common/start.js'.
23 error Make sure you have the latest version of node.js and npm installed.
23 error If you do, this is most likely a problem with the allstart package,
23 error not with npm itself.
23 error Tell the author that this fails on your system:
23 error     node ./common/start.js
23 error You can get information on how to open an issue for this project with:
23 error     npm bugs allstart
23 error Or if that isn't available, you can get their info via:
23 error     npm owner ls allstart
23 error There is likely additional logging output above.
24 verbose exit [ 1, true ]
